This file contains any messages produced by compilers while
running configure, to aid debugging if configure makes a mistake.

It was created by cellowm configure 1.0.1, which was
generated by GNU Autoconf 2.69.  Invocation command line was

  $ ./configure 

## --------- ##
## Platform. ##
## --------- ##

hostname = nixos
uname -m = x86_64
uname -r = 4.19.91
uname -s = Linux
uname -v = #1-NixOS SMP Sat Dec 21 09:57:45 UTC 2019

/usr/bin/uname -p = unknown
/bin/uname -X     = unknown

/bin/arch              = unknown
/usr/bin/arch -k       = unknown
/usr/convex/getsysinfo = unknown
/usr/bin/hostinfo      = unknown
/bin/machine           = unknown
/usr/bin/oslevel       = unknown
/bin/universe          = unknown

PATH: /nix/store/jjdxqj4072hbmq7cwngw4g46hj8wpjdg-bash-interactive-4.4-p23/bin
PATH: /nix/store/941fc45yy1vx1yhn9ph88bq80gzbpb0p-patchelf-0.9/bin
PATH: /nix/store/47hi526v96skkwgdj7d9c31ccd1xivrx-gcc-wrapper-8.3.0/bin
PATH: /nix/store/c6jvs50xrcy2m1nbrmpjwad51f62fcrx-gcc-8.3.0/bin
PATH: /nix/store/41asifinxaxn2jjjrlfq9yk57fqp7yyj-glibc-2.27-bin/bin
PATH: /nix/store/d7hlkykjjqs3f200jnmjm1y2hzgvbqa8-coreutils-8.31/bin
PATH: /nix/store/b31bs3028964clajg0aalqdyh3im00fd-binutils-wrapper-2.31.1/bin
PATH: /nix/store/m8ih8gw7qnd2c7p0qgv3cn4b6abkbanb-binutils-2.31.1/bin
PATH: /nix/store/41asifinxaxn2jjjrlfq9yk57fqp7yyj-glibc-2.27-bin/bin
PATH: /nix/store/d7hlkykjjqs3f200jnmjm1y2hzgvbqa8-coreutils-8.31/bin
PATH: /nix/store/89a2q6ldkkb7fdalfb2ykqya4xqsv8vv-autoconf-2.69/bin
PATH: /nix/store/s9h15viqp818w1g1gqpsrpxvxavkr7d1-automake-1.16.1/bin
PATH: /nix/store/d7hlkykjjqs3f200jnmjm1y2hzgvbqa8-coreutils-8.31/bin
PATH: /nix/store/i72wars5xl7yqgfbx0g5lfkhr78m48m6-findutils-4.7.0/bin
PATH: /nix/store/13n1kg7j0248q2n069vnzbwiy8nh82yg-diffutils-3.7/bin
PATH: /nix/store/gv56q6g8c7s6amyh72ahyh5i1s4bdnbf-gnused-4.7/bin
PATH: /nix/store/qp2s597ignw8m5ywzwx98mjv9waskqyj-gnugrep-3.3/bin
PATH: /nix/store/791r84jgd68r4cg2v7a8hjfa0ycx3kdw-gawk-5.0.1/bin
PATH: /nix/store/gvmn6xqpghbza0v8szhs22pg7qacn4l9-gnutar-1.32/bin
PATH: /nix/store/87j3arwf856dp46l1hfd1bzb2b3ii0w6-gzip-1.10/bin
PATH: /nix/store/v6m9vzg7zqv6bqm6vkdznaxxx8r70rmv-bzip2-1.0.6.0.1-bin/bin
PATH: /nix/store/8k67igas5d2i9mvdkvf56n17gflyv5yl-gnumake-4.2.1/bin
PATH: /nix/store/xb062l4b76zyhq6grqf4iyfdikkpg8fl-bash-4.4-p23/bin
PATH: /nix/store/0apklljlfn37szygbwl984vlnkj8hw9w-patch-2.7.6/bin
PATH: /nix/store/x4l3gg14lvapvhkvz6bbafpl7zqlfa3p-xz-5.2.4-bin/bin
PATH: /nix/store/jjdxqj4072hbmq7cwngw4g46hj8wpjdg-bash-interactive-4.4-p23/bin
PATH: /nix/store/941fc45yy1vx1yhn9ph88bq80gzbpb0p-patchelf-0.9/bin
PATH: /nix/store/47hi526v96skkwgdj7d9c31ccd1xivrx-gcc-wrapper-8.3.0/bin
PATH: /nix/store/c6jvs50xrcy2m1nbrmpjwad51f62fcrx-gcc-8.3.0/bin
PATH: /nix/store/41asifinxaxn2jjjrlfq9yk57fqp7yyj-glibc-2.27-bin/bin
PATH: /nix/store/d7hlkykjjqs3f200jnmjm1y2hzgvbqa8-coreutils-8.31/bin
PATH: /nix/store/b31bs3028964clajg0aalqdyh3im00fd-binutils-wrapper-2.31.1/bin
PATH: /nix/store/m8ih8gw7qnd2c7p0qgv3cn4b6abkbanb-binutils-2.31.1/bin
PATH: /nix/store/4gjkk1mhmz4w6z0l1kcf27ca4xd3gfn7-git-2.24.1/bin
PATH: /nix/store/f6k2kbcar4wxv9f0g4wd5aax11llbaly-nix-2.3.1/bin
PATH: /nix/store/ifninjx4syp0jf1sn5qj75x74vaaspra-nox-0.0.6/bin
PATH: /nix/store/5dbidajmgrvskv7kj6bwrkza8szxkgar-python3-3.7.5/bin
PATH: /nix/store/dl367jvkx5y76s419wnd9m1m82xfxa2d-python3.7-chardet-3.0.4/bin
PATH: /nix/store/9a7r2hlviw3pqsrljlfm77kg9xbi3ljw-python3.7-setuptools-42.0.2/bin
PATH: /nix/store/8k67igas5d2i9mvdkvf56n17gflyv5yl-gnumake-4.2.1/bin
PATH: /nix/store/v3v2lj2ydkk4d0aqim6inl88f2nzq420-clang-wrapper-7.1.0/bin
PATH: /nix/store/y2jgynr8f7m73by813b5sxbnmslkwggd-clang-7.1.0/bin
PATH: /nix/store/qvh0w05j34zdl2rzibzl8viik5lj41za-gcc-wrapper-9.2.0/bin
PATH: /nix/store/xch8px1vwqspkqzqprnyhvn5pmsagb2m-gcc-9.2.0/bin
PATH: /nix/store/3n6qjlml5iyryr13fg8kd474jiwbxpgw-xkbutils-1.0.4/bin
PATH: /nix/store/8p70z6cniqhra86i9vdp7f5b98ma5p6s-xmodmap-1.0.10/bin
PATH: /nix/store/i72wars5xl7yqgfbx0g5lfkhr78m48m6-findutils-4.7.0/bin
PATH: /nix/store/13n1kg7j0248q2n069vnzbwiy8nh82yg-diffutils-3.7/bin
PATH: /nix/store/gv56q6g8c7s6amyh72ahyh5i1s4bdnbf-gnused-4.7/bin
PATH: /nix/store/qp2s597ignw8m5ywzwx98mjv9waskqyj-gnugrep-3.3/bin
PATH: /nix/store/791r84jgd68r4cg2v7a8hjfa0ycx3kdw-gawk-5.0.1/bin
PATH: /nix/store/gvmn6xqpghbza0v8szhs22pg7qacn4l9-gnutar-1.32/bin
PATH: /nix/store/87j3arwf856dp46l1hfd1bzb2b3ii0w6-gzip-1.10/bin
PATH: /nix/store/v6m9vzg7zqv6bqm6vkdznaxxx8r70rmv-bzip2-1.0.6.0.1-bin/bin
PATH: /nix/store/xb062l4b76zyhq6grqf4iyfdikkpg8fl-bash-4.4-p23/bin
PATH: /nix/store/0apklljlfn37szygbwl984vlnkj8hw9w-patch-2.7.6/bin
PATH: /nix/store/x4l3gg14lvapvhkvz6bbafpl7zqlfa3p-xz-5.2.4-bin/bin
PATH: /run/wrappers/bin
PATH: /home/vncs/.nix-profile/bin
PATH: /etc/profiles/per-user/vncs/bin
PATH: /nix/var/nix/profiles/default/bin
PATH: /run/current-system/sw/bin
PATH: /home/vncs/.antigen/bundles/robbyrussell/oh-my-zsh/lib
PATH: /home/vncs/.antigen/bundles/robbyrussell/oh-my-zsh/plugins/git
PATH: /home/vncs/.antigen/bundles/robbyrussell/oh-my-zsh/plugins/heroku
PATH: /home/vncs/.antigen/bundles/robbyrussell/oh-my-zsh/plugins/pip
PATH: /home/vncs/.antigen/bundles/robbyrussell/oh-my-zsh/plugins/lein
PATH: /home/vncs/.antigen/bundles/robbyrussell/oh-my-zsh/plugins/command-not-found
PATH: /home/vncs/.antigen/bundles/zsh-users/zsh-syntax-highlighting


## ----------- ##
## Core tests. ##
## ----------- ##

configure:2069: checking for a BSD-compatible install
configure:2137: result: /nix/store/d7hlkykjjqs3f200jnmjm1y2hzgvbqa8-coreutils-8.31/bin/install -c
configure:2148: checking whether build environment is sane
configure:2203: result: yes
configure:2354: checking for a thread-safe mkdir -p
configure:2393: result: /nix/store/d7hlkykjjqs3f200jnmjm1y2hzgvbqa8-coreutils-8.31/bin/mkdir -p
configure:2400: checking for gawk
configure:2416: found /nix/store/791r84jgd68r4cg2v7a8hjfa0ycx3kdw-gawk-5.0.1/bin/gawk
configure:2427: result: gawk
configure:2438: checking whether make sets $(MAKE)
configure:2460: result: yes
configure:2489: checking whether make supports nested variables
configure:2506: result: yes
configure:2642: checking whether make supports the include directive
configure:2657: make -f confmf.GNU && cat confinc.out
this is the am__doit target
configure:2660: $? = 0
configure:2679: result: yes (GNU style)
configure:2749: checking for gcc
configure:2776: result: gcc
configure:3005: checking for C compiler version
configure:3014: gcc --version >&5
gcc (GCC) 8.3.0
Copyright (C) 2018 Free Software Foundation, Inc.
This is free software; see the source for copying conditions.  There is NO
warranty; not even for MERCHANTABILITY or FITNESS FOR A PARTICULAR PURPOSE.

configure:3025: $? = 0
configure:3014: gcc -v >&5
Using built-in specs.
COLLECT_GCC=/nix/store/c6jvs50xrcy2m1nbrmpjwad51f62fcrx-gcc-8.3.0/bin/gcc
COLLECT_LTO_WRAPPER=/nix/store/c6jvs50xrcy2m1nbrmpjwad51f62fcrx-gcc-8.3.0/libexec/gcc/x86_64-unknown-linux-gnu/8.3.0/lto-wrapper
Target: x86_64-unknown-linux-gnu
Configured with: 
Thread model: posix
gcc version 8.3.0 (GCC) 
configure:3025: $? = 0
configure:3014: gcc -V >&5
gcc: error: unrecognized command line option '-V'
gcc: fatal error: no input files
compilation terminated.
configure:3025: $? = 1
configure:3014: gcc -qversion >&5
gcc: error: unrecognized command line option '-qversion'; did you mean '--version'?
gcc: fatal error: no input files
compilation terminated.
configure:3025: $? = 1
configure:3045: checking whether the C compiler works
configure:3067: gcc    conftest.c  >&5
configure:3071: $? = 0
configure:3119: result: yes
configure:3122: checking for C compiler default output file name
configure:3124: result: a.out
configure:3130: checking for suffix of executables
configure:3137: gcc -o conftest    conftest.c  >&5
configure:3141: $? = 0
configure:3163: result: 
configure:3185: checking whether we are cross compiling
configure:3193: gcc -o conftest    conftest.c  >&5
configure:3197: $? = 0
configure:3204: ./conftest
configure:3208: $? = 0
configure:3223: result: no
configure:3228: checking for suffix of object files
configure:3250: gcc -c   conftest.c >&5
configure:3254: $? = 0
configure:3275: result: o
configure:3279: checking whether we are using the GNU C compiler
configure:3298: gcc -c   conftest.c >&5
configure:3298: $? = 0
configure:3307: result: yes
configure:3316: checking whether gcc accepts -g
configure:3336: gcc -c -g  conftest.c >&5
configure:3336: $? = 0
configure:3377: result: yes
configure:3394: checking for gcc option to accept ISO C89
configure:3457: gcc  -c -g -O2  conftest.c >&5
configure:3457: $? = 0
configure:3470: result: none needed
configure:3495: checking whether gcc understands -c and -o together
configure:3517: gcc -c conftest.c -o conftest2.o
configure:3520: $? = 0
configure:3517: gcc -c conftest.c -o conftest2.o
configure:3520: $? = 0
configure:3532: result: yes
configure:3551: checking dependency style of gcc
configure:3662: result: gcc3
configure:3683: checking how to run the C preprocessor
configure:3714: gcc -E  conftest.c
configure:3714: $? = 0
configure:3728: gcc -E  conftest.c
conftest.c:11:10: fatal error: ac_nonexistent.h: No such file or directory
 #include <ac_nonexistent.h>
          ^~~~~~~~~~~~~~~~~~
compilation terminated.
configure:3728: $? = 1
configure: failed program was:
| /* confdefs.h */
| #define PACKAGE_NAME "cellowm"
| #define PACKAGE_TARNAME "cellowm"
| #define PACKAGE_VERSION "1.0.1"
| #define PACKAGE_STRING "cellowm 1.0.1"
| #define PACKAGE_BUGREPORT ""
| #define PACKAGE_URL ""
| #define PACKAGE "cellowm"
| #define VERSION "1.0.1"
| /* end confdefs.h.  */
| #include <ac_nonexistent.h>
configure:3753: result: gcc -E
configure:3773: gcc -E  conftest.c
configure:3773: $? = 0
configure:3787: gcc -E  conftest.c
conftest.c:11:10: fatal error: ac_nonexistent.h: No such file or directory
 #include <ac_nonexistent.h>
          ^~~~~~~~~~~~~~~~~~
compilation terminated.
configure:3787: $? = 1
configure: failed program was:
| /* confdefs.h */
| #define PACKAGE_NAME "cellowm"
| #define PACKAGE_TARNAME "cellowm"
| #define PACKAGE_VERSION "1.0.1"
| #define PACKAGE_STRING "cellowm 1.0.1"
| #define PACKAGE_BUGREPORT ""
| #define PACKAGE_URL ""
| #define PACKAGE "cellowm"
| #define VERSION "1.0.1"
| /* end confdefs.h.  */
| #include <ac_nonexistent.h>
configure:3816: checking for grep that handles long lines and -e
configure:3874: result: /nix/store/qp2s597ignw8m5ywzwx98mjv9waskqyj-gnugrep-3.3/bin/grep
configure:3879: checking for egrep
configure:3941: result: /nix/store/qp2s597ignw8m5ywzwx98mjv9waskqyj-gnugrep-3.3/bin/grep -E
configure:3946: checking for ANSI C header files
configure:3966: gcc -c -g -O2  conftest.c >&5
configure:3966: $? = 0
configure:4039: gcc -o conftest -g -O2   conftest.c  >&5
configure:4039: $? = 0
configure:4039: ./conftest
configure:4039: $? = 0
configure:4050: result: yes
configure:4063: checking for sys/types.h
configure:4063: gcc -c -g -O2  conftest.c >&5
configure:4063: $? = 0
configure:4063: result: yes
configure:4063: checking for sys/stat.h
configure:4063: gcc -c -g -O2  conftest.c >&5
configure:4063: $? = 0
configure:4063: result: yes
configure:4063: checking for stdlib.h
configure:4063: gcc -c -g -O2  conftest.c >&5
configure:4063: $? = 0
configure:4063: result: yes
configure:4063: checking for string.h
configure:4063: gcc -c -g -O2  conftest.c >&5
configure:4063: $? = 0
configure:4063: result: yes
configure:4063: checking for memory.h
configure:4063: gcc -c -g -O2  conftest.c >&5
configure:4063: $? = 0
configure:4063: result: yes
configure:4063: checking for strings.h
configure:4063: gcc -c -g -O2  conftest.c >&5
configure:4063: $? = 0
configure:4063: result: yes
configure:4063: checking for inttypes.h
configure:4063: gcc -c -g -O2  conftest.c >&5
configure:4063: $? = 0
configure:4063: result: yes
configure:4063: checking for stdint.h
configure:4063: gcc -c -g -O2  conftest.c >&5
configure:4063: $? = 0
configure:4063: result: yes
configure:4063: checking for unistd.h
configure:4063: gcc -c -g -O2  conftest.c >&5
configure:4063: $? = 0
configure:4063: result: yes
configure:4078: checking stdio.h usability
configure:4078: gcc -c -g -O2  conftest.c >&5
configure:4078: $? = 0
configure:4078: result: yes
configure:4078: checking stdio.h presence
configure:4078: gcc -E  conftest.c
configure:4078: $? = 0
configure:4078: result: yes
configure:4078: checking for stdio.h
configure:4078: result: yes
configure:4078: checking for string.h
configure:4078: result: yes
configure:4078: checking pthread.h usability
configure:4078: gcc -c -g -O2  conftest.c >&5
configure:4078: $? = 0
configure:4078: result: yes
configure:4078: checking pthread.h presence
configure:4078: gcc -E  conftest.c
configure:4078: $? = 0
configure:4078: result: yes
configure:4078: checking for pthread.h
configure:4078: result: yes
configure:4202: checking that generated files are newer than configure
configure:4208: result: done
configure:4231: creating ./config.status

## ---------------------- ##
## Running config.status. ##
## ---------------------- ##

This file was extended by cellowm config.status 1.0.1, which was
generated by GNU Autoconf 2.69.  Invocation command line was

  CONFIG_FILES    = 
  CONFIG_HEADERS  = 
  CONFIG_LINKS    = 
  CONFIG_COMMANDS = 
  $ ./config.status 

on nixos

config.status:856: creating Makefile
config.status:856: creating src/Makefile
config.status:856: creating config.h
config.status:1085: executing depfiles commands
config.status:1162: cd src       && sed -e '/# am--include-marker/d' Makefile         | make -f - am--depfiles
config.status:1167: $? = 0

## ---------------- ##
## Cache variables. ##
## ---------------- ##

ac_cv_c_compiler_gnu=yes
ac_cv_env_CC_set=set
ac_cv_env_CC_value=gcc
ac_cv_env_CFLAGS_set=
ac_cv_env_CFLAGS_value=
ac_cv_env_CPPFLAGS_set=
ac_cv_env_CPPFLAGS_value=
ac_cv_env_CPP_set=
ac_cv_env_CPP_value=
ac_cv_env_LDFLAGS_set=
ac_cv_env_LDFLAGS_value=
ac_cv_env_LIBS_set=
ac_cv_env_LIBS_value=
ac_cv_env_build_alias_set=
ac_cv_env_build_alias_value=
ac_cv_env_host_alias_set=
ac_cv_env_host_alias_value=
ac_cv_env_target_alias_set=
ac_cv_env_target_alias_value=
ac_cv_header_inttypes_h=yes
ac_cv_header_memory_h=yes
ac_cv_header_pthread_h=yes
ac_cv_header_stdc=yes
ac_cv_header_stdint_h=yes
ac_cv_header_stdio_h=yes
ac_cv_header_stdlib_h=yes
ac_cv_header_string_h=yes
ac_cv_header_strings_h=yes
ac_cv_header_sys_stat_h=yes
ac_cv_header_sys_types_h=yes
ac_cv_header_unistd_h=yes
ac_cv_objext=o
ac_cv_path_EGREP='/nix/store/qp2s597ignw8m5ywzwx98mjv9waskqyj-gnugrep-3.3/bin/grep -E'
ac_cv_path_GREP=/nix/store/qp2s597ignw8m5ywzwx98mjv9waskqyj-gnugrep-3.3/bin/grep
ac_cv_path_install='/nix/store/d7hlkykjjqs3f200jnmjm1y2hzgvbqa8-coreutils-8.31/bin/install -c'
ac_cv_path_mkdir=/nix/store/d7hlkykjjqs3f200jnmjm1y2hzgvbqa8-coreutils-8.31/bin/mkdir
ac_cv_prog_AWK=gawk
ac_cv_prog_CPP='gcc -E'
ac_cv_prog_ac_ct_CC=gcc
ac_cv_prog_cc_c89=
ac_cv_prog_cc_g=yes
ac_cv_prog_make_make_set=yes
am_cv_CC_dependencies_compiler_type=gcc3
am_cv_make_support_nested_variables=yes
am_cv_prog_cc_c_o=yes

## ----------------- ##
## Output variables. ##
## ----------------- ##

ACLOCAL='${SHELL} /home/vncs/proj/cello/missing aclocal-1.16'
AMDEPBACKSLASH='\'
AMDEP_FALSE='#'
AMDEP_TRUE=''
AMTAR='$${TAR-tar}'
AM_BACKSLASH='\'
AM_DEFAULT_V='$(AM_DEFAULT_VERBOSITY)'
AM_DEFAULT_VERBOSITY='1'
AM_V='$(V)'
AUTOCONF='${SHELL} /home/vncs/proj/cello/missing autoconf'
AUTOHEADER='${SHELL} /home/vncs/proj/cello/missing autoheader'
AUTOMAKE='${SHELL} /home/vncs/proj/cello/missing automake-1.16'
AWK='gawk'
CC='gcc'
CCDEPMODE='depmode=gcc3'
CFLAGS='-g -O2'
CPP='gcc -E'
CPPFLAGS=''
CYGPATH_W='echo'
DEFS='-DHAVE_CONFIG_H'
DEPDIR='.deps'
ECHO_C=''
ECHO_N='-n'
ECHO_T=''
EGREP='/nix/store/qp2s597ignw8m5ywzwx98mjv9waskqyj-gnugrep-3.3/bin/grep -E'
EXEEXT=''
GREP='/nix/store/qp2s597ignw8m5ywzwx98mjv9waskqyj-gnugrep-3.3/bin/grep'
INSTALL_DATA='${INSTALL} -m 644'
INSTALL_PROGRAM='${INSTALL}'
INSTALL_SCRIPT='${INSTALL}'
INSTALL_STRIP_PROGRAM='$(install_sh) -c -s'
LDFLAGS=''
LIBOBJS=''
LIBS=''
LTLIBOBJS=''
MAKEINFO='${SHELL} /home/vncs/proj/cello/missing makeinfo'
MKDIR_P='/nix/store/d7hlkykjjqs3f200jnmjm1y2hzgvbqa8-coreutils-8.31/bin/mkdir -p'
OBJEXT='o'
PACKAGE='cellowm'
PACKAGE_BUGREPORT=''
PACKAGE_NAME='cellowm'
PACKAGE_STRING='cellowm 1.0.1'
PACKAGE_TARNAME='cellowm'
PACKAGE_URL=''
PACKAGE_VERSION='1.0.1'
PATH_SEPARATOR=':'
SET_MAKE=''
SHELL='/nix/store/xb062l4b76zyhq6grqf4iyfdikkpg8fl-bash-4.4-p23/bin/bash'
STRIP='strip'
VERSION='1.0.1'
ac_ct_CC='gcc'
am__EXEEXT_FALSE=''
am__EXEEXT_TRUE='#'
am__fastdepCC_FALSE='#'
am__fastdepCC_TRUE=''
am__include='include'
am__isrc=''
am__leading_dot='.'
am__nodep='_no'
am__quote=''
am__tar='$${TAR-tar} chof - "$$tardir"'
am__untar='$${TAR-tar} xf -'
bindir='${exec_prefix}/bin'
build_alias=''
datadir='${datarootdir}'
datarootdir='${prefix}/share'
docdir='${datarootdir}/doc/${PACKAGE_TARNAME}'
dvidir='${docdir}'
exec_prefix='${prefix}'
host_alias=''
htmldir='${docdir}'
includedir='${prefix}/include'
infodir='${datarootdir}/info'
install_sh='${SHELL} /home/vncs/proj/cello/install-sh'
libdir='${exec_prefix}/lib'
libexecdir='${exec_prefix}/libexec'
localedir='${datarootdir}/locale'
localstatedir='${prefix}/var'
mandir='${datarootdir}/man'
mkdir_p='$(MKDIR_P)'
oldincludedir='/usr/include'
pdfdir='${docdir}'
prefix='/usr'
program_transform_name='s,x,x,'
psdir='${docdir}'
sbindir='${exec_prefix}/sbin'
sharedstatedir='${prefix}/com'
sysconfdir='${prefix}/etc'
target_alias=''

## ----------- ##
## confdefs.h. ##
## ----------- ##

/* confdefs.h */
#define PACKAGE_NAME "cellowm"
#define PACKAGE_TARNAME "cellowm"
#define PACKAGE_VERSION "1.0.1"
#define PACKAGE_STRING "cellowm 1.0.1"
#define PACKAGE_BUGREPORT ""
#define PACKAGE_URL ""
#define PACKAGE "cellowm"
#define VERSION "1.0.1"
#define STDC_HEADERS 1
#define HAVE_SYS_TYPES_H 1
#define HAVE_SYS_STAT_H 1
#define HAVE_STDLIB_H 1
#define HAVE_STRING_H 1
#define HAVE_MEMORY_H 1
#define HAVE_STRINGS_H 1
#define HAVE_INTTYPES_H 1
#define HAVE_STDINT_H 1
#define HAVE_UNISTD_H 1
#define HAVE_STDIO_H 1
#define HAVE_STRING_H 1
#define HAVE_PTHREAD_H 1

configure: exit 0
